<?xml version="1.0" encoding="UTF-8"?>
<!-- Generated by org.testng.reporters.JUnitReportReporter -->
<testsuite hostname="Vaishali" failures="0" tests="1" name="com.qa.testLayer.LoginpageTest" time="17.773" errors="0" timestamp="2022-09-13T16:16:55 IST" skipped="0">
  <testcase classname="com.qa.testLayer.LoginpageTest" name="verifyLoginTest" time="17.773"/>
  <system-out/>
</testsuite> <!-- com.qa.testLayer.LoginpageTest -->
