<?xml version="1.0" encoding="UTF-8"?>
<!-- Generated by org.testng.reporters.JUnitReportReporter -->
<testsuite hostname="DESKTOP-1CCS179" failures="0" tests="1" name="com.qa.testBase.TestBase" time="29.509" errors="0" timestamp="2022-08-17T19:14:11 IST" skipped="0">
  <testcase classname="com.qa.testBase.TestBase" name="setUp" time="29.509"/>
  <system-out/>
</testsuite> <!-- com.qa.testBase.TestBase -->
